<?xml version="1.0" encoding="UTF-8"?>
<testng-results ignored="0" total="2" passed="1" failed="1" skipped="0">
  <reporter-output>
  </reporter-output>
  <suite started-at="2024-09-24T18:11:51 GMT-07:00" name="Suite" finished-at="2024-09-24T18:12:04 GMT-07:00" duration-ms="12867">
    <groups>
    </groups>
    <test started-at="2024-09-24T18:11:51 GMT-07:00" name="Testing on chrome" finished-at="2024-09-24T18:12:04 GMT-07:00" duration-ms="12867">
      <class name="mavendemoproject.MavenProject.TestCase1_Register">
        <test-method is-config="true" signature="launch_browser()[pri:0, instance:mavendemoproject.MavenProject.TestCase1_Register@70be0a2b]" started-at="2024-09-24T18:11:51 GMT-07:00" name="launch_browser" finished-at="2024-09-24T18:11:59 GMT-07:00" duration-ms="7951" status="PASS">
          <reporter-output>
          </reporter-output>
        </test-method> <!-- launch_browser -->
        <test-method signature="Registration()[pri:0, instance:mavendemoproject.MavenProject.TestCase1_Register@70be0a2b]" started-at="2024-09-24T18:11:59 GMT-07:00" name="Registration" finished-at="2024-09-24T18:12:01 GMT-07:00" duration-ms="1900" status="PASS">
          <reporter-output>
          </reporter-output>
        </test-method> <!-- Registration -->
        <test-method is-config="true" signature="quit()[pri:0, instance:mavendemoproject.MavenProject.TestCase1_Register@70be0a2b]" started-at="2024-09-24T18:12:01 GMT-07:00" name="quit" finished-at="2024-09-24T18:12:01 GMT-07:00" duration-ms="0" status="PASS">
          <reporter-output>
          </reporter-output>
        </test-method> <!-- quit -->
      </class> <!-- mavendemoproject.MavenProject.TestCase1_Register -->
      <class name="mavendemoproject.MavenProject.TestCase2_Successful_Login">
        <test-method is-config="true" signature="launch_browser()[pri:0, instance:mavendemoproject.MavenProject.TestCase2_Successful_Login@61dd025]" started-at="2024-09-24T18:12:01 GMT-07:00" name="launch_browser" finished-at="2024-09-24T18:12:04 GMT-07:00" duration-ms="2954" status="PASS">
          <reporter-output>
          </reporter-output>
        </test-method> <!-- launch_browser -->
        <test-method signature="login()[pri:0, instance:mavendemoproject.MavenProject.TestCase2_Successful_Login@61dd025]" started-at="2024-09-24T18:12:04 GMT-07:00" name="login" finished-at="2024-09-24T18:12:04 GMT-07:00" duration-ms="15" status="FAIL">
          <exception class="java.lang.AssertionError">
            <message>
              <![CDATA[expected:<Amazon.in> but was:<Online Shopping site in India: Shop Online for Mobiles, Books, Watches, Shoes and More - Amazon.in>]]>
            </message>
            <full-stacktrace>
              <![CDATA[java.lang.AssertionError: expected:<Amazon.in> but was:<Online Shopping site in India: Shop Online for Mobiles, Books, Watches, Shoes and More - Amazon.in>
at org.testng.AssertJUnit.assertEquals(AssertJUnit.java:115)
at org.testng.AssertJUnit.assertEquals(AssertJUnit.java:125)
at mavendemoproject.MavenProject.TestCase2_Successful_Login.login(TestCase2_Successful_Login.java:14)
at java.base/jdk.internal.reflect.NativeMethodAccessorImpl.invoke0(Native Method)
at java.base/jdk.internal.reflect.NativeMethodAccessorImpl.invoke(NativeMethodAccessorImpl.java:77)
at java.base/jdk.internal.reflect.DelegatingMethodAccessorImpl.invoke(DelegatingMethodAccessorImpl.java:43)
at java.base/java.lang.reflect.Method.invoke(Method.java:568)
at org.testng.internal.invokers.MethodInvocationHelper.invokeMethod(MethodInvocationHelper.java:139)
at org.testng.internal.invokers.TestInvoker.invokeMethod(TestInvoker.java:664)
at org.testng.internal.invokers.TestInvoker.invokeTestMethod(TestInvoker.java:227)
at org.testng.internal.invokers.MethodRunner.runInSequence(MethodRunner.java:50)
at org.testng.internal.invokers.TestInvoker$MethodInvocationAgent.invoke(TestInvoker.java:957)
at org.testng.internal.invokers.TestInvoker.invokeTestMethods(TestInvoker.java:200)
at org.testng.internal.invokers.TestMethodWorker.invokeTestMethods(TestMethodWorker.java:148)
at org.testng.internal.invokers.TestMethodWorker.run(TestMethodWorker.java:128)
at java.base/java.util.ArrayList.forEach(ArrayList.java:1511)
at org.testng.TestRunner.privateRun(TestRunner.java:848)
at org.testng.TestRunner.run(TestRunner.java:621)
at org.testng.SuiteRunner.runTest(SuiteRunner.java:443)
at org.testng.SuiteRunner.runSequentially(SuiteRunner.java:437)
at org.testng.SuiteRunner.privateRun(SuiteRunner.java:397)
at org.testng.SuiteRunner.run(SuiteRunner.java:336)
at org.testng.SuiteRunnerWorker.runSuite(SuiteRunnerWorker.java:52)
at org.testng.SuiteRunnerWorker.run(SuiteRunnerWorker.java:95)
at org.testng.TestNG.runSuitesSequentially(TestNG.java:1280)
at org.testng.TestNG.runSuitesLocally(TestNG.java:1200)
at org.testng.TestNG.runSuites(TestNG.java:1114)
at org.testng.TestNG.run(TestNG.java:1082)
at org.apache.maven.surefire.testng.TestNGExecutor.run(TestNGExecutor.java:324)
at org.apache.maven.surefire.testng.TestNGXmlTestSuite.execute(TestNGXmlTestSuite.java:74)
at org.apache.maven.surefire.testng.TestNGProvider.invoke(TestNGProvider.java:123)
at org.apache.maven.surefire.booter.ForkedBooter.runSuitesInProcess(ForkedBooter.java:456)
at org.apache.maven.surefire.booter.ForkedBooter.execute(ForkedBooter.java:169)
at org.apache.maven.surefire.booter.ForkedBooter.run(ForkedBooter.java:595)
at org.apache.maven.surefire.booter.ForkedBooter.main(ForkedBooter.java:581)
]]>
            </full-stacktrace>
          </exception> <!-- java.lang.AssertionError -->
          <reporter-output>
          </reporter-output>
        </test-method> <!-- login -->
        <test-method is-config="true" signature="quit()[pri:0, instance:mavendemoproject.MavenProject.TestCase2_Successful_Login@61dd025]" started-at="2024-09-24T18:12:04 GMT-07:00" name="quit" finished-at="2024-09-24T18:12:04 GMT-07:00" duration-ms="0" status="PASS">
          <reporter-output>
          </reporter-output>
        </test-method> <!-- quit -->
      </class> <!-- mavendemoproject.MavenProject.TestCase2_Successful_Login -->
    </test> <!-- Testing on chrome -->
  </suite> <!-- Suite -->
</testng-results>
